I, [2014-01-22T14:09:07.595681 #26918]  INFO -- Kitchen: -----> Starting Kitchen (v1.1.1)
I, [2014-01-22T14:09:07.789959 #26918]  INFO -- Kitchen: -----> Cleaning up any prior instances of <default-ubuntu-1204>
I, [2014-01-22T14:09:07.790089 #26918]  INFO -- Kitchen: -----> Destroying <default-ubuntu-1204>...
I, [2014-01-22T14:09:07.790811 #26918]  INFO -- Kitchen: -----> Testing <default-ubuntu-1204>
I, [2014-01-22T14:09:07.790897 #26918]  INFO -- Kitchen: -----> Creating <default-ubuntu-1204>...
I, [2014-01-22T14:09:45.160356 #26918]  INFO -- Kitchen: -----> Converging <default-ubuntu-1204>...
E, [2014-01-22T14:10:04.051627 #26918] ERROR -- Kitchen: Converge failed on instance <default-ubuntu-1204>.
I, [2014-01-22T14:15:47.376340 #28281]  INFO -- Kitchen: -----> Starting Kitchen (v1.1.1)
I, [2014-01-22T14:15:47.563803 #28281]  INFO -- Kitchen: -----> Cleaning up any prior instances of <default-ubuntu-1204>
I, [2014-01-22T14:15:47.564126 #28281]  INFO -- Kitchen: -----> Destroying <default-ubuntu-1204>...
I, [2014-01-22T14:15:53.040927 #28281]  INFO -- Kitchen: -----> Testing <default-ubuntu-1204>
I, [2014-01-22T14:15:53.041030 #28281]  INFO -- Kitchen: -----> Creating <default-ubuntu-1204>...
I, [2014-01-22T14:16:29.279092 #28281]  INFO -- Kitchen: -----> Converging <default-ubuntu-1204>...
E, [2014-01-22T14:17:12.099510 #28281] ERROR -- Kitchen: Converge failed on instance <default-ubuntu-1204>.
I, [2014-01-22T14:21:29.322747 #29937]  INFO -- Kitchen: -----> Starting Kitchen (v1.1.1)
I, [2014-01-22T14:21:29.508869 #29937]  INFO -- Kitchen: -----> Cleaning up any prior instances of <default-ubuntu-1204>
I, [2014-01-22T14:21:29.509217 #29937]  INFO -- Kitchen: -----> Destroying <default-ubuntu-1204>...
I, [2014-01-22T14:21:34.857659 #29937]  INFO -- Kitchen: -----> Testing <default-ubuntu-1204>
I, [2014-01-22T14:21:34.857748 #29937]  INFO -- Kitchen: -----> Creating <default-ubuntu-1204>...
I, [2014-01-22T14:22:09.757382 #29937]  INFO -- Kitchen: -----> Converging <default-ubuntu-1204>...
I, [2014-01-22T14:22:49.757338 #29937]  INFO -- Kitchen: -----> Setting up <default-ubuntu-1204>...
I, [2014-01-22T14:22:49.759090 #29937]  INFO -- Kitchen: -----> Verifying <default-ubuntu-1204>...
I, [2014-01-22T14:22:49.759842 #29937]  INFO -- Kitchen: -----> Destroying <default-ubuntu-1204>...
I, [2014-01-22T14:22:54.756073 #29937]  INFO -- Kitchen: -----> Cleaning up any prior instances of <default-centos-64>
I, [2014-01-22T14:22:54.756175 #29937]  INFO -- Kitchen: -----> Destroying <default-centos-64>...
I, [2014-01-22T14:22:54.756475 #29937]  INFO -- Kitchen: -----> Testing <default-centos-64>
I, [2014-01-22T14:22:54.756553 #29937]  INFO -- Kitchen: -----> Creating <default-centos-64>...
I, [2014-01-22T14:23:30.568691 #29937]  INFO -- Kitchen: -----> Converging <default-centos-64>...
I, [2014-01-22T14:26:03.705055 #29937]  INFO -- Kitchen: -----> Setting up <default-centos-64>...
I, [2014-01-22T14:26:03.706829 #29937]  INFO -- Kitchen: -----> Verifying <default-centos-64>...
I, [2014-01-22T14:26:03.707431 #29937]  INFO -- Kitchen: -----> Destroying <default-centos-64>...
I, [2014-01-22T14:26:09.652211 #29937]  INFO -- Kitchen: -----> Cleaning up any prior instances of <default-debian-720>
I, [2014-01-22T14:26:09.652308 #29937]  INFO -- Kitchen: -----> Destroying <default-debian-720>...
I, [2014-01-22T14:26:09.652607 #29937]  INFO -- Kitchen: -----> Testing <default-debian-720>
I, [2014-01-22T14:26:09.652688 #29937]  INFO -- Kitchen: -----> Creating <default-debian-720>...
I, [2014-01-22T14:27:03.454012 #29937]  INFO -- Kitchen: -----> Converging <default-debian-720>...
I, [2014-01-22T14:27:54.404691 #29937]  INFO -- Kitchen: -----> Setting up <default-debian-720>...
I, [2014-01-22T14:27:54.406508 #29937]  INFO -- Kitchen: -----> Verifying <default-debian-720>...
I, [2014-01-22T14:27:54.407357 #29937]  INFO -- Kitchen: -----> Destroying <default-debian-720>...
I, [2014-01-22T14:28:00.365560 #29937]  INFO -- Kitchen: -----> Cleaning up any prior instances of <relp-ubuntu-1204>
I, [2014-01-22T14:28:00.365672 #29937]  INFO -- Kitchen: -----> Destroying <relp-ubuntu-1204>...
I, [2014-01-22T14:28:00.365954 #29937]  INFO -- Kitchen: -----> Testing <relp-ubuntu-1204>
I, [2014-01-22T14:28:00.366032 #29937]  INFO -- Kitchen: -----> Creating <relp-ubuntu-1204>...
I, [2014-01-22T14:28:34.794519 #29937]  INFO -- Kitchen: -----> Converging <relp-ubuntu-1204>...
I, [2014-01-22T14:29:20.758290 #29937]  INFO -- Kitchen: -----> Setting up <relp-ubuntu-1204>...
I, [2014-01-22T14:29:20.760059 #29937]  INFO -- Kitchen: -----> Verifying <relp-ubuntu-1204>...
I, [2014-01-22T14:29:20.760676 #29937]  INFO -- Kitchen: -----> Destroying <relp-ubuntu-1204>...
I, [2014-01-22T14:29:25.120509 #29937]  INFO -- Kitchen: -----> Cleaning up any prior instances of <relp-centos-64>
I, [2014-01-22T14:29:25.120629 #29937]  INFO -- Kitchen: -----> Destroying <relp-centos-64>...
I, [2014-01-22T14:29:25.121021 #29937]  INFO -- Kitchen: -----> Testing <relp-centos-64>
I, [2014-01-22T14:29:25.121115 #29937]  INFO -- Kitchen: -----> Creating <relp-centos-64>...
I, [2014-01-22T14:30:00.067721 #29937]  INFO -- Kitchen: -----> Converging <relp-centos-64>...
I, [2014-01-22T14:32:25.073690 #29937]  INFO -- Kitchen: -----> Setting up <relp-centos-64>...
I, [2014-01-22T14:32:25.074317 #29937]  INFO -- Kitchen: -----> Verifying <relp-centos-64>...
I, [2014-01-22T14:32:25.074962 #29937]  INFO -- Kitchen: -----> Destroying <relp-centos-64>...
I, [2014-01-22T14:32:30.378345 #29937]  INFO -- Kitchen: -----> Cleaning up any prior instances of <relp-debian-720>
I, [2014-01-22T14:32:30.378445 #29937]  INFO -- Kitchen: -----> Destroying <relp-debian-720>...
I, [2014-01-22T14:32:30.378794 #29937]  INFO -- Kitchen: -----> Testing <relp-debian-720>
I, [2014-01-22T14:32:30.378857 #29937]  INFO -- Kitchen: -----> Creating <relp-debian-720>...
I, [2014-01-22T14:33:16.090437 #29937]  INFO -- Kitchen: -----> Converging <relp-debian-720>...
I, [2014-01-22T14:34:07.655013 #29937]  INFO -- Kitchen: -----> Setting up <relp-debian-720>...
I, [2014-01-22T14:34:07.656746 #29937]  INFO -- Kitchen: -----> Verifying <relp-debian-720>...
I, [2014-01-22T14:34:07.657355 #29937]  INFO -- Kitchen: -----> Destroying <relp-debian-720>...
I, [2014-01-22T14:34:12.099038 #29937]  INFO -- Kitchen: -----> Cleaning up any prior instances of <client-ubuntu-1204>
I, [2014-01-22T14:34:12.099128 #29937]  INFO -- Kitchen: -----> Destroying <client-ubuntu-1204>...
I, [2014-01-22T14:34:12.099379 #29937]  INFO -- Kitchen: -----> Testing <client-ubuntu-1204>
I, [2014-01-22T14:34:12.099435 #29937]  INFO -- Kitchen: -----> Creating <client-ubuntu-1204>...
I, [2014-01-22T14:34:48.276820 #29937]  INFO -- Kitchen: -----> Converging <client-ubuntu-1204>...
E, [2014-01-22T14:35:03.889037 #29937] ERROR -- Kitchen: Converge failed on instance <client-ubuntu-1204>.
I, [2014-01-22T15:01:00.250252 #10484]  INFO -- Kitchen: -----> Starting Kitchen (v1.1.1)
I, [2014-01-22T15:01:00.438445 #10484]  INFO -- Kitchen: -----> Cleaning up any prior instances of <default-ubuntu-1204>
I, [2014-01-22T15:01:00.438614 #10484]  INFO -- Kitchen: -----> Destroying <default-ubuntu-1204>...
I, [2014-01-22T15:01:00.441416 #10484]  INFO -- Kitchen: -----> Testing <default-ubuntu-1204>
I, [2014-01-22T15:01:00.441505 #10484]  INFO -- Kitchen: -----> Creating <default-ubuntu-1204>...
I, [2014-01-22T15:01:36.787588 #10484]  INFO -- Kitchen: -----> Converging <default-ubuntu-1204>...
I, [2014-01-22T15:02:16.877175 #10484]  INFO -- Kitchen: -----> Setting up <default-ubuntu-1204>...
I, [2014-01-22T15:02:16.878929 #10484]  INFO -- Kitchen: -----> Verifying <default-ubuntu-1204>...
I, [2014-01-22T15:02:16.879656 #10484]  INFO -- Kitchen: -----> Destroying <default-ubuntu-1204>...
I, [2014-01-22T15:02:23.016358 #10484]  INFO -- Kitchen: -----> Cleaning up any prior instances of <default-centos-64>
I, [2014-01-22T15:02:23.016466 #10484]  INFO -- Kitchen: -----> Destroying <default-centos-64>...
I, [2014-01-22T15:02:23.016728 #10484]  INFO -- Kitchen: -----> Testing <default-centos-64>
I, [2014-01-22T15:02:23.016805 #10484]  INFO -- Kitchen: -----> Creating <default-centos-64>...
I, [2014-01-22T15:03:03.147336 #10484]  INFO -- Kitchen: -----> Converging <default-centos-64>...
I, [2014-01-22T15:05:02.545434 #10484]  INFO -- Kitchen: -----> Setting up <default-centos-64>...
I, [2014-01-22T15:05:02.547214 #10484]  INFO -- Kitchen: -----> Verifying <default-centos-64>...
I, [2014-01-22T15:05:02.547919 #10484]  INFO -- Kitchen: -----> Destroying <default-centos-64>...
I, [2014-01-22T15:05:08.107353 #10484]  INFO -- Kitchen: -----> Cleaning up any prior instances of <default-debian-720>
I, [2014-01-22T15:05:08.107439 #10484]  INFO -- Kitchen: -----> Destroying <default-debian-720>...
I, [2014-01-22T15:05:08.107720 #10484]  INFO -- Kitchen: -----> Testing <default-debian-720>
I, [2014-01-22T15:05:08.107799 #10484]  INFO -- Kitchen: -----> Creating <default-debian-720>...
I, [2014-01-22T15:06:08.388996 #10484]  INFO -- Kitchen: -----> Converging <default-debian-720>...
I, [2014-01-22T15:07:02.656968 #10484]  INFO -- Kitchen: -----> Setting up <default-debian-720>...
I, [2014-01-22T15:07:02.658749 #10484]  INFO -- Kitchen: -----> Verifying <default-debian-720>...
I, [2014-01-22T15:07:02.659473 #10484]  INFO -- Kitchen: -----> Destroying <default-debian-720>...
I, [2014-01-22T15:07:07.543411 #10484]  INFO -- Kitchen: -----> Cleaning up any prior instances of <relp-ubuntu-1204>
I, [2014-01-22T15:07:07.543478 #10484]  INFO -- Kitchen: -----> Destroying <relp-ubuntu-1204>...
I, [2014-01-22T15:07:07.543701 #10484]  INFO -- Kitchen: -----> Testing <relp-ubuntu-1204>
I, [2014-01-22T15:07:07.543758 #10484]  INFO -- Kitchen: -----> Creating <relp-ubuntu-1204>...
I, [2014-01-22T15:07:40.691654 #10484]  INFO -- Kitchen: -----> Converging <relp-ubuntu-1204>...
I, [2014-01-22T15:08:41.445907 #10484]  INFO -- Kitchen: -----> Setting up <relp-ubuntu-1204>...
I, [2014-01-22T15:08:41.446803 #10484]  INFO -- Kitchen: -----> Verifying <relp-ubuntu-1204>...
I, [2014-01-22T15:08:41.447451 #10484]  INFO -- Kitchen: -----> Destroying <relp-ubuntu-1204>...
I, [2014-01-22T15:08:47.461331 #10484]  INFO -- Kitchen: -----> Cleaning up any prior instances of <relp-centos-64>
I, [2014-01-22T15:08:47.461391 #10484]  INFO -- Kitchen: -----> Destroying <relp-centos-64>...
I, [2014-01-22T15:08:47.461599 #10484]  INFO -- Kitchen: -----> Testing <relp-centos-64>
I, [2014-01-22T15:08:47.461649 #10484]  INFO -- Kitchen: -----> Creating <relp-centos-64>...
I, [2014-01-22T15:09:21.657556 #10484]  INFO -- Kitchen: -----> Converging <relp-centos-64>...
I, [2014-01-22T15:10:56.673716 #10484]  INFO -- Kitchen: -----> Setting up <relp-centos-64>...
I, [2014-01-22T15:10:56.674356 #10484]  INFO -- Kitchen: -----> Verifying <relp-centos-64>...
I, [2014-01-22T15:10:56.675092 #10484]  INFO -- Kitchen: -----> Destroying <relp-centos-64>...
I, [2014-01-22T15:11:01.162358 #10484]  INFO -- Kitchen: -----> Cleaning up any prior instances of <relp-debian-720>
I, [2014-01-22T15:11:01.162448 #10484]  INFO -- Kitchen: -----> Destroying <relp-debian-720>...
I, [2014-01-22T15:11:01.162691 #10484]  INFO -- Kitchen: -----> Testing <relp-debian-720>
I, [2014-01-22T15:11:01.162758 #10484]  INFO -- Kitchen: -----> Creating <relp-debian-720>...
I, [2014-01-22T15:11:55.661873 #10484]  INFO -- Kitchen: -----> Converging <relp-debian-720>...
I, [2014-01-22T15:12:52.231917 #10484]  INFO -- Kitchen: -----> Setting up <relp-debian-720>...
I, [2014-01-22T15:12:52.232766 #10484]  INFO -- Kitchen: -----> Verifying <relp-debian-720>...
I, [2014-01-22T15:12:52.319428 #10484]  INFO -- Kitchen: -----> Destroying <relp-debian-720>...
I, [2014-01-22T15:12:57.682660 #10484]  INFO -- Kitchen: -----> Cleaning up any prior instances of <client-ubuntu-1204>
I, [2014-01-22T15:12:57.683072 #10484]  INFO -- Kitchen: -----> Destroying <client-ubuntu-1204>...
I, [2014-01-22T15:13:01.790321 #10484]  INFO -- Kitchen: -----> Testing <client-ubuntu-1204>
I, [2014-01-22T15:13:01.790442 #10484]  INFO -- Kitchen: -----> Creating <client-ubuntu-1204>...
I, [2014-01-22T15:13:37.751019 #10484]  INFO -- Kitchen: -----> Converging <client-ubuntu-1204>...
I, [2014-01-22T15:14:20.651464 #10484]  INFO -- Kitchen: -----> Setting up <client-ubuntu-1204>...
I, [2014-01-22T15:14:20.653270 #10484]  INFO -- Kitchen: -----> Verifying <client-ubuntu-1204>...
I, [2014-01-22T15:14:20.654014 #10484]  INFO -- Kitchen: -----> Destroying <client-ubuntu-1204>...
I, [2014-01-22T15:14:25.176400 #10484]  INFO -- Kitchen: -----> Cleaning up any prior instances of <client-centos-64>
I, [2014-01-22T15:14:25.176493 #10484]  INFO -- Kitchen: -----> Destroying <client-centos-64>...
I, [2014-01-22T15:14:25.176757 #10484]  INFO -- Kitchen: -----> Testing <client-centos-64>
I, [2014-01-22T15:14:25.176831 #10484]  INFO -- Kitchen: -----> Creating <client-centos-64>...
I, [2014-01-22T15:15:05.210133 #10484]  INFO -- Kitchen: -----> Converging <client-centos-64>...
I, [2014-01-22T15:16:01.117596 #10484]  INFO -- Kitchen: -----> Setting up <client-centos-64>...
I, [2014-01-22T15:16:01.119351 #10484]  INFO -- Kitchen: -----> Verifying <client-centos-64>...
I, [2014-01-22T15:16:01.120005 #10484]  INFO -- Kitchen: -----> Destroying <client-centos-64>...
I, [2014-01-22T15:16:05.466122 #10484]  INFO -- Kitchen: -----> Cleaning up any prior instances of <client-debian-720>
I, [2014-01-22T15:16:05.466191 #10484]  INFO -- Kitchen: -----> Destroying <client-debian-720>...
I, [2014-01-22T15:16:05.466397 #10484]  INFO -- Kitchen: -----> Testing <client-debian-720>
I, [2014-01-22T15:16:05.466450 #10484]  INFO -- Kitchen: -----> Creating <client-debian-720>...
I, [2014-01-22T15:16:54.771208 #10484]  INFO -- Kitchen: -----> Converging <client-debian-720>...
I, [2014-01-22T15:17:46.171100 #10484]  INFO -- Kitchen: -----> Setting up <client-debian-720>...
I, [2014-01-22T15:17:46.172891 #10484]  INFO -- Kitchen: -----> Verifying <client-debian-720>...
I, [2014-01-22T15:17:46.173505 #10484]  INFO -- Kitchen: -----> Destroying <client-debian-720>...
I, [2014-01-22T15:17:50.753829 #10484]  INFO -- Kitchen: -----> Cleaning up any prior instances of <server-ubuntu-1204>
I, [2014-01-22T15:17:50.753898 #10484]  INFO -- Kitchen: -----> Destroying <server-ubuntu-1204>...
I, [2014-01-22T15:17:50.754125 #10484]  INFO -- Kitchen: -----> Testing <server-ubuntu-1204>
I, [2014-01-22T15:17:50.754178 #10484]  INFO -- Kitchen: -----> Creating <server-ubuntu-1204>...
I, [2014-01-22T15:18:26.047949 #10484]  INFO -- Kitchen: -----> Converging <server-ubuntu-1204>...
I, [2014-01-22T15:19:16.761622 #10484]  INFO -- Kitchen: -----> Setting up <server-ubuntu-1204>...
I, [2014-01-22T15:19:16.763394 #10484]  INFO -- Kitchen: -----> Verifying <server-ubuntu-1204>...
I, [2014-01-22T15:19:16.764086 #10484]  INFO -- Kitchen: -----> Destroying <server-ubuntu-1204>...
I, [2014-01-22T15:19:22.720817 #10484]  INFO -- Kitchen: -----> Cleaning up any prior instances of <server-centos-64>
I, [2014-01-22T15:19:22.720911 #10484]  INFO -- Kitchen: -----> Destroying <server-centos-64>...
I, [2014-01-22T15:19:22.721183 #10484]  INFO -- Kitchen: -----> Testing <server-centos-64>
I, [2014-01-22T15:19:22.721251 #10484]  INFO -- Kitchen: -----> Creating <server-centos-64>...
I, [2014-01-22T15:19:56.719140 #10484]  INFO -- Kitchen: -----> Converging <server-centos-64>...
I, [2014-01-22T15:22:28.084318 #10484]  INFO -- Kitchen: -----> Setting up <server-centos-64>...
I, [2014-01-22T15:22:28.085053 #10484]  INFO -- Kitchen: -----> Verifying <server-centos-64>...
I, [2014-01-22T15:22:28.085704 #10484]  INFO -- Kitchen: -----> Destroying <server-centos-64>...
I, [2014-01-22T15:22:32.383411 #10484]  INFO -- Kitchen: -----> Cleaning up any prior instances of <server-debian-720>
I, [2014-01-22T15:22:32.383526 #10484]  INFO -- Kitchen: -----> Destroying <server-debian-720>...
I, [2014-01-22T15:22:32.383794 #10484]  INFO -- Kitchen: -----> Testing <server-debian-720>
I, [2014-01-22T15:22:32.383871 #10484]  INFO -- Kitchen: -----> Creating <server-debian-720>...
I, [2014-01-22T15:23:25.585087 #10484]  INFO -- Kitchen: -----> Converging <server-debian-720>...
I, [2014-01-22T15:24:21.112895 #10484]  INFO -- Kitchen: -----> Setting up <server-debian-720>...
I, [2014-01-22T15:24:21.114721 #10484]  INFO -- Kitchen: -----> Verifying <server-debian-720>...
I, [2014-01-22T15:24:21.115354 #10484]  INFO -- Kitchen: -----> Destroying <server-debian-720>...
I, [2014-01-22T15:24:26.595154 #10484]  INFO -- Kitchen: -----> Kitchen is finished. (23m26.34s)
I, [2014-01-28T11:31:23.361195 #20903]  INFO -- Kitchen: -----> Starting Kitchen (v1.1.1)
I, [2014-01-28T11:31:23.585584 #20903]  INFO -- Kitchen: -----> Cleaning up any prior instances of <default-ubuntu-1204>
I, [2014-01-28T11:31:23.585711 #20903]  INFO -- Kitchen: -----> Destroying <default-ubuntu-1204>...
I, [2014-01-28T11:31:23.586697 #20903]  INFO -- Kitchen: -----> Testing <default-ubuntu-1204>
I, [2014-01-28T11:31:23.586753 #20903]  INFO -- Kitchen: -----> Creating <default-ubuntu-1204>...
I, [2014-01-28T11:31:34.780659 #20903]  INFO -- Kitchen: -----> Destroying <default-ubuntu-1204>...
E, [2014-01-28T11:31:34.785963 #20903] ERROR -- Kitchen: ------Exception-------
E, [2014-01-28T11:31:34.785986 #20903] ERROR -- Kitchen: Class: Kitchen::ActionFailed
E, [2014-01-28T11:31:34.785999 #20903] ERROR -- Kitchen: Message: Failed to complete #create action: [exit]
E, [2014-01-28T11:31:34.786011 #20903] ERROR -- Kitchen: ---Nested Exception---
E, [2014-01-28T11:31:34.786022 #20903] ERROR -- Kitchen: Class: SystemExit
E, [2014-01-28T11:31:34.786032 #20903] ERROR -- Kitchen: Message: exit
E, [2014-01-28T11:31:34.786043 #20903] ERROR -- Kitchen: ------Backtrace-------
E, [2014-01-28T11:31:34.786053 #20903] ERROR -- Kitchen: /opt/ruby1.9/lib/ruby/gems/1.9.1/gems/test-kitchen-1.1.1/bin/kitchen:6:in `exit'
E, [2014-01-28T11:31:34.786064 #20903] ERROR -- Kitchen: /opt/ruby1.9/lib/ruby/gems/1.9.1/gems/test-kitchen-1.1.1/bin/kitchen:6:in `block in <top (required)>'
E, [2014-01-28T11:31:34.786074 #20903] ERROR -- Kitchen: /opt/ruby1.9/lib/ruby/gems/1.9.1/gems/mixlib-shellout-1.3.0/lib/mixlib/shellout/unix.rb:233:in `call'
E, [2014-01-28T11:31:34.786084 #20903] ERROR -- Kitchen: /opt/ruby1.9/lib/ruby/gems/1.9.1/gems/mixlib-shellout-1.3.0/lib/mixlib/shellout/unix.rb:233:in `select'
E, [2014-01-28T11:31:34.786095 #20903] ERROR -- Kitchen: /opt/ruby1.9/lib/ruby/gems/1.9.1/gems/mixlib-shellout-1.3.0/lib/mixlib/shellout/unix.rb:233:in `attempt_buffer_read'
E, [2014-01-28T11:31:34.786105 #20903] ERROR -- Kitchen: /opt/ruby1.9/lib/ruby/gems/1.9.1/gems/mixlib-shellout-1.3.0/lib/mixlib/shellout/unix.rb:61:in `run_command'
E, [2014-01-28T11:31:34.786116 #20903] ERROR -- Kitchen: /opt/ruby1.9/lib/ruby/gems/1.9.1/gems/mixlib-shellout-1.3.0/lib/mixlib/shellout.rb:227:in `run_command'
E, [2014-01-28T11:31:34.786126 #20903] ERROR -- Kitchen: /opt/ruby1.9/lib/ruby/gems/1.9.1/gems/test-kitchen-1.1.1/lib/kitchen/shell_out.rb:65:in `run_command'
E, [2014-01-28T11:31:34.786137 #20903] ERROR -- Kitchen: /opt/ruby1.9/lib/ruby/gems/1.9.1/gems/test-kitchen-1.1.1/lib/kitchen/driver/base.rb:158:in `run_command'
E, [2014-01-28T11:31:34.786147 #20903] ERROR -- Kitchen: /opt/ruby1.9/lib/ruby/gems/1.9.1/gems/kitchen-vagrant-0.14.0/lib/kitchen/driver/vagrant.rb:123:in `run'
E, [2014-01-28T11:31:34.786157 #20903] ERROR -- Kitchen: /opt/ruby1.9/lib/ruby/gems/1.9.1/gems/kitchen-vagrant-0.14.0/lib/kitchen/driver/vagrant.rb:68:in `create'
E, [2014-01-28T11:31:34.786167 #20903] ERROR -- Kitchen: /opt/ruby1.9/lib/ruby/gems/1.9.1/gems/test-kitchen-1.1.1/lib/kitchen/instance.rb:273:in `public_send'
E, [2014-01-28T11:31:34.786178 #20903] ERROR -- Kitchen: /opt/ruby1.9/lib/ruby/gems/1.9.1/gems/test-kitchen-1.1.1/lib/kitchen/instance.rb:273:in `block in perform_action'
E, [2014-01-28T11:31:34.786188 #20903] ERROR -- Kitchen: /opt/ruby1.9/lib/ruby/gems/1.9.1/gems/test-kitchen-1.1.1/lib/kitchen/instance.rb:305:in `call'
E, [2014-01-28T11:31:34.786199 #20903] ERROR -- Kitchen: /opt/ruby1.9/lib/ruby/gems/1.9.1/gems/test-kitchen-1.1.1/lib/kitchen/instance.rb:305:in `block in synchronize_or_call'
E, [2014-01-28T11:31:34.786209 #20903] ERROR -- Kitchen: <internal:prelude>:10:in `synchronize'
E, [2014-01-28T11:31:34.786219 #20903] ERROR -- Kitchen: /opt/ruby1.9/lib/ruby/gems/1.9.1/gems/test-kitchen-1.1.1/lib/kitchen/instance.rb:303:in `synchronize_or_call'
E, [2014-01-28T11:31:34.786229 #20903] ERROR -- Kitchen: /opt/ruby1.9/lib/ruby/gems/1.9.1/gems/test-kitchen-1.1.1/lib/kitchen/instance.rb:283:in `block in action'
E, [2014-01-28T11:31:34.786244 #20903] ERROR -- Kitchen: /opt/ruby1.9/lib/ruby/1.9.1/benchmark.rb:280:in `measure'
E, [2014-01-28T11:31:34.786255 #20903] ERROR -- Kitchen: /opt/ruby1.9/lib/ruby/gems/1.9.1/gems/test-kitchen-1.1.1/lib/kitchen/instance.rb:282:in `action'
E, [2014-01-28T11:31:34.786265 #20903] ERROR -- Kitchen: /opt/ruby1.9/lib/ruby/gems/1.9.1/gems/test-kitchen-1.1.1/lib/kitchen/instance.rb:273:in `perform_action'
E, [2014-01-28T11:31:34.786275 #20903] ERROR -- Kitchen: /opt/ruby1.9/lib/ruby/gems/1.9.1/gems/test-kitchen-1.1.1/lib/kitchen/instance.rb:252:in `create_action'
E, [2014-01-28T11:31:34.786285 #20903] ERROR -- Kitchen: /opt/ruby1.9/lib/ruby/gems/1.9.1/gems/test-kitchen-1.1.1/lib/kitchen/instance.rb:246:in `block in transition_to'
E, [2014-01-28T11:31:34.786295 #20903] ERROR -- Kitchen: /opt/ruby1.9/lib/ruby/gems/1.9.1/gems/test-kitchen-1.1.1/lib/kitchen/instance.rb:245:in `each'
E, [2014-01-28T11:31:34.786305 #20903] ERROR -- Kitchen: /opt/ruby1.9/lib/ruby/gems/1.9.1/gems/test-kitchen-1.1.1/lib/kitchen/instance.rb:245:in `transition_to'
E, [2014-01-28T11:31:34.786315 #20903] ERROR -- Kitchen: /opt/ruby1.9/lib/ruby/gems/1.9.1/gems/test-kitchen-1.1.1/lib/kitchen/instance.rb:141:in `verify'
E, [2014-01-28T11:31:34.786324 #20903] ERROR -- Kitchen: /opt/ruby1.9/lib/ruby/gems/1.9.1/gems/test-kitchen-1.1.1/lib/kitchen/instance.rb:170:in `block in test'
E, [2014-01-28T11:31:34.786335 #20903] ERROR -- Kitchen: /opt/ruby1.9/lib/ruby/1.9.1/benchmark.rb:280:in `measure'
E, [2014-01-28T11:31:34.786344 #20903] ERROR -- Kitchen: /opt/ruby1.9/lib/ruby/gems/1.9.1/gems/test-kitchen-1.1.1/lib/kitchen/instance.rb:166:in `test'
E, [2014-01-28T11:31:34.786354 #20903] ERROR -- Kitchen: /opt/ruby1.9/lib/ruby/gems/1.9.1/gems/test-kitchen-1.1.1/lib/kitchen/cli.rb:314:in `public_send'
E, [2014-01-28T11:31:34.786364 #20903] ERROR -- Kitchen: /opt/ruby1.9/lib/ruby/gems/1.9.1/gems/test-kitchen-1.1.1/lib/kitchen/cli.rb:314:in `block in run_serial'
E, [2014-01-28T11:31:34.786374 #20903] ERROR -- Kitchen: /opt/ruby1.9/lib/ruby/gems/1.9.1/gems/test-kitchen-1.1.1/lib/kitchen/cli.rb:314:in `map'
E, [2014-01-28T11:31:34.786383 #20903] ERROR -- Kitchen: /opt/ruby1.9/lib/ruby/gems/1.9.1/gems/test-kitchen-1.1.1/lib/kitchen/cli.rb:314:in `run_serial'
E, [2014-01-28T11:31:34.786393 #20903] ERROR -- Kitchen: /opt/ruby1.9/lib/ruby/gems/1.9.1/gems/test-kitchen-1.1.1/lib/kitchen/cli.rb:146:in `block in test'
E, [2014-01-28T11:31:34.786403 #20903] ERROR -- Kitchen: /opt/ruby1.9/lib/ruby/1.9.1/benchmark.rb:280:in `measure'
E, [2014-01-28T11:31:34.786413 #20903] ERROR -- Kitchen: /opt/ruby1.9/lib/ruby/gems/1.9.1/gems/test-kitchen-1.1.1/lib/kitchen/cli.rb:137:in `test'
E, [2014-01-28T11:31:34.786422 #20903] ERROR -- Kitchen: /opt/ruby1.9/lib/ruby/gems/1.9.1/gems/thor-0.18.1/lib/thor/command.rb:27:in `run'
E, [2014-01-28T11:31:34.786432 #20903] ERROR -- Kitchen: /opt/ruby1.9/lib/ruby/gems/1.9.1/gems/thor-0.18.1/lib/thor/invocation.rb:120:in `invoke_command'
E, [2014-01-28T11:31:34.786442 #20903] ERROR -- Kitchen: /opt/ruby1.9/lib/ruby/gems/1.9.1/gems/test-kitchen-1.1.1/lib/kitchen/cli.rb:288:in `invoke_task'
E, [2014-01-28T11:31:34.786452 #20903] ERROR -- Kitchen: /opt/ruby1.9/lib/ruby/gems/1.9.1/gems/thor-0.18.1/lib/thor.rb:363:in `dispatch'
E, [2014-01-28T11:31:34.786462 #20903] ERROR -- Kitchen: /opt/ruby1.9/lib/ruby/gems/1.9.1/gems/thor-0.18.1/lib/thor/base.rb:439:in `start'
E, [2014-01-28T11:31:34.786472 #20903] ERROR -- Kitchen: /opt/ruby1.9/lib/ruby/gems/1.9.1/gems/test-kitchen-1.1.1/bin/kitchen:13:in `block in <top (required)>'
E, [2014-01-28T11:31:34.786482 #20903] ERROR -- Kitchen: /opt/ruby1.9/lib/ruby/gems/1.9.1/gems/test-kitchen-1.1.1/lib/kitchen/errors.rb:81:in `with_friendly_errors'
E, [2014-01-28T11:31:34.786492 #20903] ERROR -- Kitchen: /opt/ruby1.9/lib/ruby/gems/1.9.1/gems/test-kitchen-1.1.1/bin/kitchen:13:in `<top (required)>'
E, [2014-01-28T11:31:34.786502 #20903] ERROR -- Kitchen: /opt/ruby1.9/bin/kitchen:23:in `load'
E, [2014-01-28T11:31:34.786515 #20903] ERROR -- Kitchen: /opt/ruby1.9/bin/kitchen:23:in `<main>'
E, [2014-01-28T11:31:34.786526 #20903] ERROR -- Kitchen: ----------------------
